C:\WORK\MOD_SECURITY2\STANDALONE\DEBUG\MSC_PCRE.OBJ
C:\WORK\MOD_SECURITY2\STANDALONE\DEBUG\MSC_RELEASE.OBJ
C:\WORK\MOD_SECURITY2\STANDALONE\DEBUG\MSC_REQBODY.OBJ
C:\WORK\MOD_SECURITY2\STANDALONE\DEBUG\MSC_TREE.OBJ
C:\WORK\MOD_SECURITY2\STANDALONE\DEBUG\MSC_UNICODE.OBJ
C:\WORK\MOD_SECURITY2\STANDALONE\DEBUG\MSC_UTIL.OBJ
C:\WORK\MOD_SECURITY2\STANDALONE\DEBUG\MSC_XML.OBJ
C:\WORK\MOD_SECURITY2\STANDALONE\DEBUG\PERSIST_DBM.OBJ
C:\WORK\MOD_SECURITY2\STANDALONE\DEBUG\RE.OBJ
C:\WORK\MOD_SECURITY2\STANDALONE\DEBUG\RE_ACTIONS.OBJ
C:\WORK\MOD_SECURITY2\STANDALONE\DEBUG\RE_OPERATORS.OBJ
C:\WORK\MOD_SECURITY2\STANDALONE\DEBUG\RE_TFNS.OBJ
C:\WORK\MOD_SECURITY2\STANDALONE\DEBUG\RE_VARIABLES.OBJ
C:\WORK\MOD_SECURITY2\STANDALONE\DEBUG\API.OBJ
C:\WORK\MOD_SECURITY2\STANDALONE\DEBUG\BUCKETS.OBJ
C:\WORK\MOD_SECURITY2\STANDALONE\DEBUG\CONFIG.OBJ
C:\WORK\MOD_SECURITY2\STANDALONE\DEBUG\FILTERS.OBJ
C:\WORK\MOD_SECURITY2\STANDALONE\DEBUG\HOOKS.OBJ
C:\WORK\MOD_SECURITY2\STANDALONE\DEBUG\REGEX.OBJ
C:\WORK\MOD_SECURITY2\STANDALONE\DEBUG\SERVER.OBJ
C:\WORK\MOD_SECURITY2\STANDALONE\DEBUG\ACMP.OBJ
C:\WORK\MOD_SECURITY2\STANDALONE\DEBUG\APACHE2_CONFIG.OBJ
C:\WORK\MOD_SECURITY2\STANDALONE\DEBUG\APACHE2_IO.OBJ
C:\WORK\MOD_SECURITY2\STANDALONE\DEBUG\APACHE2_UTIL.OBJ
C:\WORK\MOD_SECURITY2\STANDALONE\DEBUG\MODSECURITY.OBJ
C:\WORK\MOD_SECURITY2\STANDALONE\DEBUG\MOD_SECURITY2.OBJ
C:\WORK\MOD_SECURITY2\STANDALONE\DEBUG\MSC_CRYPT.OBJ
C:\WORK\MOD_SECURITY2\STANDALONE\DEBUG\MSC_GEO.OBJ
C:\WORK\MOD_SECURITY2\STANDALONE\DEBUG\MSC_GSB.OBJ
C:\WORK\MOD_SECURITY2\STANDALONE\DEBUG\MSC_LOGGING.OBJ
C:\WORK\MOD_SECURITY2\STANDALONE\DEBUG\MSC_LUA.OBJ
C:\WORK\MOD_SECURITY2\STANDALONE\DEBUG\MSC_MULTIPART.OBJ
C:\WORK\MOD_SECURITY2\STANDALONE\DEBUG\MSC_PARSERS.OBJ
C:\WORK\MOD_SECURITY2\STANDALONE\DEBUG\VC110.PDB
C:\WORK\MOD_SECURITY2\STANDALONE\DEBUG\MAIN.OBJ
c:\work\mod_security2\standalone\Debug\acmp.obj
c:\work\mod_security2\standalone\Debug\apache2_config.obj
c:\work\mod_security2\standalone\Debug\apache2_io.obj
c:\work\mod_security2\standalone\Debug\apache2_util.obj
c:\work\mod_security2\standalone\Debug\api.obj
c:\work\mod_security2\standalone\Debug\buckets.obj
c:\work\mod_security2\standalone\Debug\config.obj
c:\work\mod_security2\standalone\Debug\filters.obj
c:\work\mod_security2\standalone\Debug\hooks.obj
c:\work\mod_security2\standalone\Debug\main.obj
c:\work\mod_security2\standalone\Debug\modsecurity.obj
c:\work\mod_security2\standalone\Debug\mod_security2.obj
c:\work\mod_security2\standalone\Debug\msc_crypt.obj
c:\work\mod_security2\standalone\Debug\msc_geo.obj
c:\work\mod_security2\standalone\Debug\msc_gsb.obj
c:\work\mod_security2\standalone\Debug\msc_logging.obj
c:\work\mod_security2\standalone\Debug\msc_lua.obj
c:\work\mod_security2\standalone\Debug\msc_multipart.obj
c:\work\mod_security2\standalone\Debug\msc_parsers.obj
c:\work\mod_security2\standalone\Debug\msc_pcre.obj
c:\work\mod_security2\standalone\Debug\msc_release.obj
c:\work\mod_security2\standalone\Debug\msc_reqbody.obj
c:\work\mod_security2\standalone\Debug\msc_tree.obj
c:\work\mod_security2\standalone\Debug\msc_unicode.obj
c:\work\mod_security2\standalone\Debug\msc_util.obj
c:\work\mod_security2\standalone\Debug\msc_xml.obj
c:\work\mod_security2\standalone\Debug\persist_dbm.obj
c:\work\mod_security2\standalone\Debug\re.obj
c:\work\mod_security2\standalone\Debug\regex.obj
c:\work\mod_security2\standalone\Debug\re_actions.obj
c:\work\mod_security2\standalone\Debug\re_operators.obj
c:\work\mod_security2\standalone\Debug\re_tfns.obj
c:\work\mod_security2\standalone\Debug\re_variables.obj
c:\work\mod_security2\standalone\Debug\server.obj
c:\work\mod_security2\standalone\Debug\cl.command.1.tlog
c:\work\mod_security2\standalone\Debug\CL.read.1.tlog
c:\work\mod_security2\standalone\Debug\CL.write.1.tlog
c:\work\mod_security2\standalone\Debug\link-cvtres.read.1.tlog
c:\work\mod_security2\standalone\Debug\link-cvtres.write.1.tlog
c:\work\mod_security2\standalone\Debug\link-rc.read.1.tlog
c:\work\mod_security2\standalone\Debug\link-rc.write.1.tlog
c:\work\mod_security2\standalone\Debug\link.command.1.tlog
c:\work\mod_security2\standalone\Debug\link.read.1.tlog
c:\work\mod_security2\standalone\Debug\link.write.1.tlog
c:\work\mod_security2\standalone\Debug\standalone.exp
c:\work\mod_security2\standalone\Debug\vc110.idb
c:\work\mod_security2\standalone\Debug\standalone.pdb
c:\work\mod_security2\standalone\Debug\vc110.pdb
C:\work\mod_security2\standalone\Debug\standalone.pdb
