Build started 4/12/2013 4:24:02 PM.
     1>Project "c:\work\mod_security\standalone\standalone.vcxproj" on node 2 (Build target(s)).
     1>ClCompile:
         C:\Program Files (x86)\Microsoft Visual Studio 11.0\VC\bin\CL.exe /c /I"C:\work\pcre-8.30\include" /I"C:\work\pcre-8.30" /I"C:\work\libxml2-2.7.7\include" /IC:\apache22\include /I..\apache2 /I"c:\work\httpd-2.2.24\include" /ZI /nologo /W3 /WX- /Od /Oy- /D _MBCS /D _MBCS /D WIN32 /D WINNT /D inline=APR_INLINE /D AP_DECLARE_STATIC /D VERSION_STANDALONE /Gm /EHsc /RTC1 /MDd /GS /fp:precise /Zc:wchar_t /Zc:forScope /Fo"Debug\\" /Fd"Debug\vc110.pdb" /Gd /TC /wd4244 /wd4018 /analyze- /errorReport:prompt ..\apache2\acmp.c ..\apache2\apache2_config.c ..\apache2\apache2_io.c ..\apache2\apache2_util.c ..\apache2\modsecurity.c ..\apache2\mod_security2.c ..\apache2\msc_crypt.c ..\apache2\msc_geo.c ..\apache2\msc_gsb.c ..\apache2\msc_logging.c ..\apache2\msc_lua.c ..\apache2\msc_multipart.c ..\apache2\msc_parsers.c ..\apache2\msc_pcre.c ..\apache2\msc_release.c ..\apache2\msc_reqbody.c ..\apache2\msc_tree.c ..\apache2\msc_unicode.c ..\apache2\msc_util.c ..\apache2\msc_xml.c ..\apache2\persist_dbm.c ..\apache2\re.c ..\apache2\re_actions.c ..\apache2\re_operators.c ..\apache2\re_tfns.c ..\apache2\re_variables.c api.c buckets.c config.c filters.c hooks.c regex.c server.c
         server.c
         regex.c
         hooks.c
         filters.c
         config.c
         buckets.c
         api.c
         re_variables.c
         re_tfns.c
         re_operators.c
         re_actions.c
         re.c
         persist_dbm.c
         msc_xml.c
         msc_util.c
         msc_unicode.c
         msc_tree.c
         msc_reqbody.c
         msc_release.c
         msc_pcre.c
         Generating Code...
         Compiling...
         msc_parsers.c
         msc_multipart.c
         msc_lua.c
         msc_logging.c
         msc_gsb.c
         msc_geo.c
         msc_crypt.c
         mod_security2.c
         modsecurity.c
         apache2_util.c
         apache2_io.c
         apache2_config.c
         acmp.c
         Generating Code...
         C:\Program Files (x86)\Microsoft Visual Studio 11.0\VC\bin\CL.exe /c /I"C:\work\pcre-8.30\include" /I"C:\work\pcre-8.30" /I"C:\work\libxml2-2.7.7\include" /IC:\apache22\include /I..\apache2 /I"c:\work\httpd-2.2.24\include" /ZI /nologo /W3 /WX- /Od /Oy- /D _MBCS /D _MBCS /D WIN32 /D WINNT /D inline=APR_INLINE /D AP_DECLARE_STATIC /D VERSION_STANDALONE /Gm /EHsc /RTC1 /MDd /GS /fp:precise /Zc:wchar_t /Zc:forScope /Fo"Debug\\" /Fd"Debug\vc110.pdb" /Gd /TP /wd4244 /wd4018 /analyze- /errorReport:prompt main.cpp
         main.cpp
     1>c:\work\mod_security\standalone\main.cpp(16): warning C4005: 'inline' : macro redefinition
                 command-line arguments :  see previous definition of 'inline'
       Link:
         C:\Program Files (x86)\Microsoft Visual Studio 11.0\VC\bin\link.exe /ERRORREPORT:PROMPT /OUT:"C:\work\mod_security\standalone\Debug\standalone.exe" /INCREMENTAL /NOLOGO /LIBPATH:c:\drop\x86 kernel32.lib user32.lib gdi32.lib winspool.lib comdlg32.lib advapi32.lib shell32.lib ole32.lib oleaut32.lib uuid.lib odbc32.lib odbccp32.lib ws2_32.lib kernel32.lib user32.lib gdi32.lib winspool.lib comdlg32.lib advapi32.lib shell32.lib ole32.lib oleaut32.lib uuid.lib odbc32.lib odbccp32.lib "libapr-1.lib" "libaprutil-1.lib" pcre.lib libxml2.lib /MANIFEST /MANIFESTUAC:"level='asInvoker' uiAccess='false'" /manifest:embed /DEBUG /PDB:"C:\work\mod_security\standalone\Debug\standalone.pdb" /TLBID:1 /DYNAMICBASE /NXCOMPAT /IMPLIB:"C:\work\mod_security\standalone\Debug\standalone.lib" /MACHINE:X86 Debug\acmp.obj
         Debug\apache2_config.obj
         Debug\apache2_io.obj
         Debug\apache2_util.obj
         Debug\modsecurity.obj
         Debug\mod_security2.obj
         Debug\msc_crypt.obj
         Debug\msc_geo.obj
         Debug\msc_gsb.obj
         Debug\msc_logging.obj
         Debug\msc_lua.obj
         Debug\msc_multipart.obj
         Debug\msc_parsers.obj
         Debug\msc_pcre.obj
         Debug\msc_release.obj
         Debug\msc_reqbody.obj
         Debug\msc_tree.obj
         Debug\msc_unicode.obj
         Debug\msc_util.obj
         Debug\msc_xml.obj
         Debug\persist_dbm.obj
         Debug\re.obj
         Debug\re_actions.obj
         Debug\re_operators.obj
         Debug\re_tfns.obj
         Debug\re_variables.obj
         Debug\api.obj
         Debug\buckets.obj
         Debug\config.obj
         Debug\filters.obj
         Debug\hooks.obj
         Debug\main.obj
         Debug\regex.obj
         Debug\server.obj
            Creating library C:\work\mod_security\standalone\Debug\standalone.lib and object C:\work\mod_security\standalone\Debug\standalone.exp
         standalone.vcxproj -> C:\work\mod_security\standalone\Debug\standalone.exe
     1>Done Building Project "c:\work\mod_security\standalone\standalone.vcxproj" (Build target(s)).

Build succeeded.

Time Elapsed 00:00:16.08
